<?xml version="1.0" encoding="UTF-8"?>
<!-- Generated by org.testng.reporters.JUnitReportReporter -->
<testsuite hostname="DESKTOP-QCF3R5E" failures="0" tests="14" name="com.bestbuy.tests.Test_BestBuy_Ecommerce" time="133.651" errors="0" timestamp="2024-07-04T12:56:19 IST" skipped="12">
  <testcase classname="com.bestbuy.tests.Test_BestBuy_Ecommerce" name="launchbrowser_Navigate_to_url" time="69.659"/>
  <system-out/>
  <testcase classname="com.bestbuy.tests.Test_BestBuy_Ecommerce" name="signup_functionality_TestCase" time="63.992"/>
  <system-out/>
  <testcase classname="com.bestbuy.tests.Test_BestBuy_Ecommerce" name="Validate_Url_TestCase">
    <skipped/>
  </testcase> <!-- Validate_Url_TestCase -->
  <system-out/>
  <testcase classname="com.bestbuy.tests.Test_BestBuy_Ecommerce" name="add_item_shop_by_Department">
    <skipped/>
  </testcase> <!-- add_item_shop_by_Department -->
  <system-out/>
  <testcase classname="com.bestbuy.tests.Test_BestBuy_Ecommerce" name="Navigate_CheckoutPage">
    <skipped/>
  </testcase> <!-- Navigate_CheckoutPage -->
  <system-out/>
  <testcase classname="com.bestbuy.tests.Test_BestBuy_Ecommerce" name="add_item_By_brands">
    <skipped/>
  </testcase> <!-- add_item_By_brands -->
  <system-out/>
  <testcase classname="com.bestbuy.tests.Test_BestBuy_Ecommerce" name="Validate_BottomLink_TestCase">
    <skipped/>
  </testcase> <!-- Validate_BottomLink_TestCase -->
  <system-out/>
  <testcase classname="com.bestbuy.tests.Test_BestBuy_Ecommerce" name="Fill_payment_page">
    <skipped/>
  </testcase> <!-- Fill_payment_page -->
  <system-out/>
  <testcase classname="com.bestbuy.tests.Test_BestBuy_Ecommerce" name="Verify_OrderPlaced_TestCase">
    <skipped/>
  </testcase> <!-- Verify_OrderPlaced_TestCase -->
  <system-out/>
  <testcase classname="com.bestbuy.tests.Test_BestBuy_Ecommerce" name="Homepage_functionality_TestCase">
    <skipped/>
  </testcase> <!-- Homepage_functionality_TestCase -->
  <system-out/>
  <testcase classname="com.bestbuy.tests.Test_BestBuy_Ecommerce" name="Menu_Navigation_TestCase">
    <skipped/>
  </testcase> <!-- Menu_Navigation_TestCase -->
  <system-out/>
  <testcase classname="com.bestbuy.tests.Test_BestBuy_Ecommerce" name="add_to_cart_TestCase">
    <skipped/>
  </testcase> <!-- add_to_cart_TestCase -->
  <system-out/>
  <testcase classname="com.bestbuy.tests.Test_BestBuy_Ecommerce" name="closebrowser">
    <skipped/>
  </testcase> <!-- closebrowser -->
  <system-out/>
  <testcase classname="com.bestbuy.tests.Test_BestBuy_Ecommerce" name="signin_functionality_TestCase">
    <skipped/>
  </testcase> <!-- signin_functionality_TestCase -->
  <system-out/>
</testsuite> <!-- com.bestbuy.tests.Test_BestBuy_Ecommerce -->
